\BOOKMARK [1][-]{section.1}{CATEGORICAL PRELIMINARIES}{}% 1
\BOOKMARK [2][-]{subsection.1.1}{Regular Categories}{section.1}% 2
\BOOKMARK [2][-]{subsection.1.2}{Multislice Categories of Regular Categories}{section.1}% 3
\BOOKMARK [2][-]{subsection.1.3}{Families of Functors With Common Domain}{section.1}% 4
\BOOKMARK [2][-]{subsection.1.4}{Weakly Projective Objects}{section.1}% 5
\BOOKMARK [1][-]{section.2}{PREFIBRED CATEGORIES}{}% 6
\BOOKMARK [2][-]{subsection.2.1}{Basic Notions}{section.2}% 7
\BOOKMARK [2][-]{subsection.2.2}{Stability in a Prefibration}{section.2}% 8
\BOOKMARK [3][-]{subsubsection.2.2.1}{Reflection properties in a prefibration}{subsection.2.2}% 9
\BOOKMARK [2][-]{subsection.2.3}{Two facts about epimorphisms in a prefibration}{section.2}% 10
\BOOKMARK [1][-]{section.3}{COLIMIT OF A FIBRATION WITH COFILTERED BASE}{}% 11
\BOOKMARK [2][-]{subsection.3.1}{Colimit of a finitely complete fibration}{section.3}% 12
\BOOKMARK [2][-]{subsection.3.2}{Colimit of a Regular Fibration}{section.3}% 13
\BOOKMARK [2][-]{subsection.3.3}{Colimit of a Conservative Fibration Over A}{section.3}% 14
\BOOKMARK [1][-]{section.4}{CONSTRUCTION OF A REGULAR SET VALUED FUNCTOR THAT IS CONSERVATIVE OVER MONICS WITH GLOBALLY SUPPORTED CODOMAIN FOR ANY REGULAR CATEGORY A THAT POSSESSES A DISTINGUISHED TERMINAL OBJECT}{}% 15
\BOOKMARK [2][-]{subsection.4.1}{Construction of the Functor from A to A' That Sends Globally Supported Objects into Objects That Have a Generic Global Section}{section.4}% 16
\BOOKMARK [3][-]{subsubsection.4.1.1}{A fibration that has A as its fibres}{subsection.4.1}% 17
\BOOKMARK [3][-]{subsubsection.4.1.2}{Construction of the colimit A' of the fibration and proof that including the first fibre is conservative over monics with globally supported codomain}{subsection.4.1}% 18
\BOOKMARK [2][-]{subsection.4.2}{Construction of A Where 1 is Weakly Projective}{section.4}% 19
\BOOKMARK [3][-]{subsubsection.4.2.1}{A new fibration that has A as its first fibre, proof that the inclusion of any fibre into the colimit A is conservative over monics with globally supported codomain and 1 A is weakly projective }{subsection.4.2}% 20
\BOOKMARK [3][-]{subsubsection.4.2.2}{The representable functor of 1 A is conservative over monics with globally supported codomain}{subsection.4.2}% 21
\BOOKMARK [1][-]{section.5}{REDUCTIONS}{}% 22
\BOOKMARK [2][-]{subsection.5.1}{A Regular Functor That is Conservative Over Monics With Globally Supported Codomain Suffices}{section.5}% 23
\BOOKMARK [3][-]{subsubsection.5.1.1}{Pullback functor along a monomorphism}{subsection.5.1}% 24
\BOOKMARK [3][-]{subsubsection.5.1.2}{The result}{subsection.5.1}% 25
\BOOKMARK [2][-]{subsection.5.2}{From a Family \173hS\175 to h}{section.5}% 26
